<?xml version="1.0" encoding="UTF-8"?>
<testsuite xmlns:xsi="http://www.w3.org/2001/XMLSchema-instance" xsi:noNamespaceSchemaLocation="https://maven.apache.org/surefire/maven-surefire-plugin/xsd/surefire-test-report-3.0.xsd" version="3.0" name="com.rest.test.MainTest" time="3.513" tests="10" errors="0" skipped="0" failures="0">
  <properties>
[...]
</properties>
  <testcase name="testBookNotFound" classname="com.rest.test.MainTest" time="1.024">
    <system-out><![CDATA[HTTP/1.1 404 
Set-Cookie: JSESSIONID=821BA5D9013ADF1630E96705CC183A1F; Path=/; HttpOnly
X-Content-Type-Options: nosniff
X-XSS-Protection: 1; mode=block
Cache-Control: no-cache, no-store, max-age=0, must-revalidate
Pragma: no-cache
Expires: 0
X-Frame-Options: DENY
Content-Type: application/json;charset=UTF-8
Transfer-Encoding: chunked
Date: Fri, 21 Mar 2025 02:33:11 GMT

{
    "timestamp": "2025-03-21T02:33:11.377+0000",
    "status": 404,
    "error": "Not Found",
    "message": "Book id not found : 9999",
    "path": "/books/9999"
}
]]></system-out>
    <system-err><![CDATA[SLF4J: Failed to load class "org.slf4j.impl.StaticLoggerBinder".
SLF4J: Defaulting to no-operation (NOP) logger implementation
SLF4J: See http://www.slf4j.org/codes.html#StaticLoggerBinder for further details.
]]></system-err>
  </testcase>
  <testcase name="testCreateBook" classname="com.rest.test.MainTest" time="0.64">
    <system-out><![CDATA[HTTP/1.1 201 
Set-Cookie: JSESSIONID=FC983A2B8C76D7E73ABBBE147F442EB4; Path=/; HttpOnly
X-Content-Type-Options: nosniff
X-XSS-Protection: 1; mode=block
Cache-Control: no-cache, no-store, max-age=0, must-revalidate
Pragma: no-cache
Expires: 0
X-Frame-Options: DENY
Content-Type: application/json;charset=UTF-8
Transfer-Encoding: chunked
Date: Fri, 21 Mar 2025 02:33:11 GMT

{
    "id": 13,
    "name": "A to the Bodhisattva Way of Life",
    "author": "Santideva",
    "price": 15.41
}
]]></system-out>
  </testcase>
  <testcase name="testCreateBookWithInvalidPrice" classname="com.rest.test.MainTest" time="0.083">
    <system-out><![CDATA[HTTP/1.1 400 
Set-Cookie: JSESSIONID=2CEDFF9DBD8E96F0D92C2D2BDA6C91D6; Path=/; HttpOnly
X-Content-Type-Options: nosniff
X-XSS-Protection: 1; mode=block
Cache-Control: no-cache, no-store, max-age=0, must-revalidate
Pragma: no-cache
Expires: 0
X-Frame-Options: DENY
Content-Type: application/json;charset=UTF-8
Transfer-Encoding: chunked
Date: Fri, 21 Mar 2025 02:33:11 GMT
Connection: close

{
    "timestamp": "2025-03-21T02:33:12.228+0000",
    "status": 400,
    "errors": [
        "must be greater than or equal to 1.00"
    ]
}
]]></system-out>
  </testcase>
  <testcase name="testCreateBookWithMissingName" classname="com.rest.test.MainTest" time="0.085">
    <system-out><![CDATA[HTTP/1.1 400 
Set-Cookie: JSESSIONID=CE3B29FA8DCDCC20D3F580F2C687AA2D; Path=/; HttpOnly
X-Content-Type-Options: nosniff
X-XSS-Protection: 1; mode=block
Cache-Control: no-cache, no-store, max-age=0, must-revalidate
Pragma: no-cache
Expires: 0
X-Frame-Options: DENY
Content-Type: application/json;charset=UTF-8
Transfer-Encoding: chunked
Date: Fri, 21 Mar 2025 02:33:12 GMT
Connection: close

{
    "timestamp": "2025-03-21T02:33:12.312+0000",
    "status": 400,
    "errors": [
        "Please provide a name",
        "Author is not allowed."
    ]
}
]]></system-out>
  </testcase>
  <testcase name="testGetAllBooks" classname="com.rest.test.MainTest" time="0.107">
    <system-out><![CDATA[HTTP/1.1 200 
Set-Cookie: JSESSIONID=3A686FF606BD1A69B9ACE5AE35C9260D; Path=/; HttpOnly
X-Content-Type-Options: nosniff
X-XSS-Protection: 1; mode=block
Cache-Control: no-cache, no-store, max-age=0, must-revalidate
Pragma: no-cache
Expires: 0
X-Frame-Options: DENY
Content-Type: application/json;charset=UTF-8
Transfer-Encoding: chunked
Date: Fri, 21 Mar 2025 02:33:12 GMT

[
    {
        "id": 1,
        "name": "A to the Bodhisattva Way of Life",
        "author": "Santideva",
        "price": 20.00
    },
    {
        "id": 3,
        "name": "Refactoring: Improving the Design of Existing Code",
        "author": "Martin Fowler",
        "price": 47.99
    },
    {
        "id": 4,
        "name": "A to the Bodhisattva Way of Life",
        "author": "Santideva",
        "price": 15.41
    },
    {
        "id": 5,
        "name": "A to the Bodhisattva Way of Life",
        "author": "Santideva",
        "price": 15.41
    },
    {
        "id": 6,
        "name": "A to the Bodhisattva Way of Life",
        "author": "Santideva",
        "price": 15.41
    },
    {
        "id": 7,
        "name": "A to the Bodhisattva Way of Life",
        "author": "Santideva",
        "price": 15.41
    },
    {
        "id": 8,
        "name": "A to the Bodhisattva Way of Life",
        "author": "Santideva",
        "price": 15.41
    },
    {
        "id": 9,
        "name": "A to the Bodhisattva Way of Life",
        "author": "Santideva",
        "price": 15.41
    },
    {
        "id": 10,
        "name": "A to the Bodhisattva Way of Life",
        "author": "Santideva",
        "price": 15.41
    },
    {
        "id": 11,
        "name": "A to the Bodhisattva Way of Life",
        "author": "Santideva",
        "price": 15.41
    },
    {
        "id": 12,
        "name": "A to the Bodhisattva Way of Life",
        "author": "Santideva",
        "price": 15.41
    },
    {
        "id": 13,
        "name": "A to the Bodhisattva Way of Life",
        "author": "Santideva",
        "price": 15.41
    }
]
]]></system-out>
  </testcase>
  <testcase name="testGetBookById" classname="com.rest.test.MainTest" time="0.082">
    <system-out><![CDATA[HTTP/1.1 200 
Set-Cookie: JSESSIONID=E0DC6D0D30B3C009FDB9BFAB1AEF03F2; Path=/; HttpOnly
X-Content-Type-Options: nosniff
X-XSS-Protection: 1; mode=block
Cache-Control: no-cache, no-store, max-age=0, must-revalidate
Pragma: no-cache
Expires: 0
X-Frame-Options: DENY
Content-Type: application/json;charset=UTF-8
Transfer-Encoding: chunked
Date: Fri, 21 Mar 2025 02:33:12 GMT

{
    "id": 1,
    "name": "A to the Bodhisattva Way of Life",
    "author": "Santideva",
    "price": 20.00
}
]]></system-out>
  </testcase>
  <testcase name="testGetBooksByPriceRange" classname="com.rest.test.MainTest" time="0.14">
    <system-out><![CDATA[HTTP/1.1 200 
Set-Cookie: JSESSIONID=381B21A952D0120F97A1E92583DE1170; Path=/; HttpOnly
X-Content-Type-Options: nosniff
X-XSS-Protection: 1; mode=block
Cache-Control: no-cache, no-store, max-age=0, must-revalidate
Pragma: no-cache
Expires: 0
X-Frame-Options: DENY
Content-Type: application/json;charset=UTF-8
Transfer-Encoding: chunked
Date: Fri, 21 Mar 2025 02:33:12 GMT

[
    {
        "id": 1,
        "name": "A to the Bodhisattva Way of Life",
        "author": "Santideva",
        "price": 20.00
    },
    {
        "id": 3,
        "name": "Refactoring: Improving the Design of Existing Code",
        "author": "Martin Fowler",
        "price": 47.99
    },
    {
        "id": 4,
        "name": "A to the Bodhisattva Way of Life",
        "author": "Santideva",
        "price": 15.41
    },
    {
        "id": 5,
        "name": "A to the Bodhisattva Way of Life",
        "author": "Santideva",
        "price": 15.41
    },
    {
        "id": 6,
        "name": "A to the Bodhisattva Way of Life",
        "author": "Santideva",
        "price": 15.41
    },
    {
        "id": 7,
        "name": "A to the Bodhisattva Way of Life",
        "author": "Santideva",
        "price": 15.41
    },
    {
        "id": 8,
        "name": "A to the Bodhisattva Way of Life",
        "author": "Santideva",
        "price": 15.41
    },
    {
        "id": 9,
        "name": "A to the Bodhisattva Way of Life",
        "author": "Santideva",
        "price": 15.41
    },
    {
        "id": 10,
        "name": "A to the Bodhisattva Way of Life",
        "author": "Santideva",
        "price": 15.41
    },
    {
        "id": 11,
        "name": "A to the Bodhisattva Way of Life",
        "author": "Santideva",
        "price": 15.41
    },
    {
        "id": 12,
        "name": "A to the Bodhisattva Way of Life",
        "author": "Santideva",
        "price": 15.41
    },
    {
        "id": 13,
        "name": "A to the Bodhisattva Way of Life",
        "author": "Santideva",
        "price": 15.41
    }
]
]]></system-out>
  </testcase>
  <testcase name="testGetBooksSortedByName" classname="com.rest.test.MainTest" time="0.102">
    <system-out><![CDATA[HTTP/1.1 200 
Set-Cookie: JSESSIONID=A2C1FCB2BD1C3378A30F0A3A0CC1774B; Path=/; HttpOnly
X-Content-Type-Options: nosniff
X-XSS-Protection: 1; mode=block
Cache-Control: no-cache, no-store, max-age=0, must-revalidate
Pragma: no-cache
Expires: 0
X-Frame-Options: DENY
Content-Type: application/json;charset=UTF-8
Transfer-Encoding: chunked
Date: Fri, 21 Mar 2025 02:33:12 GMT

[
    {
        "id": 1,
        "name": "A to the Bodhisattva Way of Life",
        "author": "Santideva",
        "price": 20.00
    },
    {
        "id": 3,
        "name": "Refactoring: Improving the Design of Existing Code",
        "author": "Martin Fowler",
        "price": 47.99
    },
    {
        "id": 4,
        "name": "A to the Bodhisattva Way of Life",
        "author": "Santideva",
        "price": 15.41
    },
    {
        "id": 5,
        "name": "A to the Bodhisattva Way of Life",
        "author": "Santideva",
        "price": 15.41
    },
    {
        "id": 6,
        "name": "A to the Bodhisattva Way of Life",
        "author": "Santideva",
        "price": 15.41
    },
    {
        "id": 7,
        "name": "A to the Bodhisattva Way of Life",
        "author": "Santideva",
        "price": 15.41
    },
    {
        "id": 8,
        "name": "A to the Bodhisattva Way of Life",
        "author": "Santideva",
        "price": 15.41
    },
    {
        "id": 9,
        "name": "A to the Bodhisattva Way of Life",
        "author": "Santideva",
        "price": 15.41
    },
    {
        "id": 10,
        "name": "A to the Bodhisattva Way of Life",
        "author": "Santideva",
        "price": 15.41
    },
    {
        "id": 11,
        "name": "A to the Bodhisattva Way of Life",
        "author": "Santideva",
        "price": 15.41
    },
    {
        "id": 12,
        "name": "A to the Bodhisattva Way of Life",
        "author": "Santideva",
        "price": 15.41
    },
    {
        "id": 13,
        "name": "A to the Bodhisattva Way of Life",
        "author": "Santideva",
        "price": 15.41
    }
]
]]></system-out>
  </testcase>
  <testcase name="testUpdateBook" classname="com.rest.test.MainTest" time="0.092">
    <system-out><![CDATA[HTTP/1.1 200 
Set-Cookie: JSESSIONID=EE63C3BB9406FBB088BB85B0AD8EBF84; Path=/; HttpOnly
X-Content-Type-Options: nosniff
X-XSS-Protection: 1; mode=block
Cache-Control: no-cache, no-store, max-age=0, must-revalidate
Pragma: no-cache
Expires: 0
X-Frame-Options: DENY
Content-Type: application/json;charset=UTF-8
Transfer-Encoding: chunked
Date: Fri, 21 Mar 2025 02:33:12 GMT

{
    "id": 1,
    "name": "A to the Bodhisattva Way of Life",
    "author": "Santideva",
    "price": 20.00
}
]]></system-out>
  </testcase>
  <testcase name="verifyStatusCode" classname="com.rest.test.MainTest" time="0.083">
    <system-out><![CDATA[HTTP/1.1 200 
Set-Cookie: JSESSIONID=45D780091A9A8B88C506737F7734B3E3; Path=/; HttpOnly
X-Content-Type-Options: nosniff
X-XSS-Protection: 1; mode=block
Cache-Control: no-cache, no-store, max-age=0, must-revalidate
Pragma: no-cache
Expires: 0
X-Frame-Options: DENY
Content-Type: application/json;charset=UTF-8
Transfer-Encoding: chunked
Date: Fri, 21 Mar 2025 02:33:12 GMT

[
    {
        "id": 1,
        "name": "A to the Bodhisattva Way of Life",
        "author": "Santideva",
        "price": 20.00
    },
    {
        "id": 3,
        "name": "Refactoring: Improving the Design of Existing Code",
        "author": "Martin Fowler",
        "price": 47.99
    },
    {
        "id": 4,
        "name": "A to the Bodhisattva Way of Life",
        "author": "Santideva",
        "price": 15.41
    },
    {
        "id": 5,
        "name": "A to the Bodhisattva Way of Life",
        "author": "Santideva",
        "price": 15.41
    },
    {
        "id": 6,
        "name": "A to the Bodhisattva Way of Life",
        "author": "Santideva",
        "price": 15.41
    },
    {
        "id": 7,
        "name": "A to the Bodhisattva Way of Life",
        "author": "Santideva",
        "price": 15.41
    },
    {
        "id": 8,
        "name": "A to the Bodhisattva Way of Life",
        "author": "Santideva",
        "price": 15.41
    },
    {
        "id": 9,
        "name": "A to the Bodhisattva Way of Life",
        "author": "Santideva",
        "price": 15.41
    },
    {
        "id": 10,
        "name": "A to the Bodhisattva Way of Life",
        "author": "Santideva",
        "price": 15.41
    },
    {
        "id": 11,
        "name": "A to the Bodhisattva Way of Life",
        "author": "Santideva",
        "price": 15.41
    },
    {
        "id": 12,
        "name": "A to the Bodhisattva Way of Life",
        "author": "Santideva",
        "price": 15.41
    },
    {
        "id": 13,
        "name": "A to the Bodhisattva Way of Life",
        "author": "Santideva",
        "price": 15.41
    }
]
]]></system-out>
  </testcase>
</testsuite>