<?xml version="1.0" encoding="UTF-8"?>
<testng-results ignored="0" total="10" passed="10" failed="0" skipped="0">
  <reporter-output>
  </reporter-output>
  <suite started-at="2025-03-20T22:33:09 EDT" name="Surefire suite" finished-at="2025-03-20T22:33:12 EDT" duration-ms="3085">
    <groups>
    </groups>
    <test started-at="2025-03-20T22:33:09 EDT" name="Surefire test" finished-at="2025-03-20T22:33:12 EDT" duration-ms="3085">
      <class name="com.rest.test.MainTest">
        <test-method is-config="true" signature="setup()[pri:0, instance:com.rest.test.MainTest@4d5b6aac]" started-at="2025-03-20T22:33:09 EDT" name="setup" finished-at="2025-03-20T22:33:10 EDT" duration-ms="605" status="PASS">
          <reporter-output>
          </reporter-output>
        </test-method> <!-- setup -->
        <test-method signature="testBookNotFound()[pri:0, instance:com.rest.test.MainTest@4d5b6aac]" started-at="2025-03-20T22:33:10 EDT" name="testBookNotFound" finished-at="2025-03-20T22:33:11 EDT" duration-ms="1023" status="PASS">
          <reporter-output>
          </reporter-output>
        </test-method> <!-- testBookNotFound -->
        <test-method signature="testCreateBook()[pri:0, instance:com.rest.test.MainTest@4d5b6aac]" started-at="2025-03-20T22:33:11 EDT" name="testCreateBook" finished-at="2025-03-20T22:33:12 EDT" duration-ms="641" status="PASS">
          <reporter-output>
          </reporter-output>
        </test-method> <!-- testCreateBook -->
        <test-method signature="testCreateBookWithInvalidPrice()[pri:0, instance:com.rest.test.MainTest@4d5b6aac]" started-at="2025-03-20T22:33:12 EDT" name="testCreateBookWithInvalidPrice" finished-at="2025-03-20T22:33:12 EDT" duration-ms="82" status="PASS">
          <reporter-output>
          </reporter-output>
        </test-method> <!-- testCreateBookWithInvalidPrice -->
        <test-method signature="testCreateBookWithMissingName()[pri:0, instance:com.rest.test.MainTest@4d5b6aac]" started-at="2025-03-20T22:33:12 EDT" name="testCreateBookWithMissingName" finished-at="2025-03-20T22:33:12 EDT" duration-ms="84" status="PASS">
          <reporter-output>
          </reporter-output>
        </test-method> <!-- testCreateBookWithMissingName -->
        <test-method signature="testGetAllBooks()[pri:0, instance:com.rest.test.MainTest@4d5b6aac]" started-at="2025-03-20T22:33:12 EDT" name="testGetAllBooks" finished-at="2025-03-20T22:33:12 EDT" duration-ms="105" status="PASS">
          <reporter-output>
          </reporter-output>
        </test-method> <!-- testGetAllBooks -->
        <test-method signature="testGetBookById()[pri:0, instance:com.rest.test.MainTest@4d5b6aac]" started-at="2025-03-20T22:33:12 EDT" name="testGetBookById" finished-at="2025-03-20T22:33:12 EDT" duration-ms="82" status="PASS">
          <reporter-output>
          </reporter-output>
        </test-method> <!-- testGetBookById -->
        <test-method signature="testGetBooksByPriceRange()[pri:0, instance:com.rest.test.MainTest@4d5b6aac]" started-at="2025-03-20T22:33:12 EDT" name="testGetBooksByPriceRange" finished-at="2025-03-20T22:33:12 EDT" duration-ms="139" status="PASS">
          <reporter-output>
          </reporter-output>
        </test-method> <!-- testGetBooksByPriceRange -->
        <test-method signature="testGetBooksSortedByName()[pri:0, instance:com.rest.test.MainTest@4d5b6aac]" started-at="2025-03-20T22:33:12 EDT" name="testGetBooksSortedByName" finished-at="2025-03-20T22:33:12 EDT" duration-ms="101" status="PASS">
          <reporter-output>
          </reporter-output>
        </test-method> <!-- testGetBooksSortedByName -->
        <test-method signature="testUpdateBook()[pri:0, instance:com.rest.test.MainTest@4d5b6aac]" started-at="2025-03-20T22:33:12 EDT" name="testUpdateBook" finished-at="2025-03-20T22:33:12 EDT" duration-ms="91" status="PASS">
          <reporter-output>
          </reporter-output>
        </test-method> <!-- testUpdateBook -->
        <test-method signature="verifyStatusCode()[pri:0, instance:com.rest.test.MainTest@4d5b6aac]" started-at="2025-03-20T22:33:12 EDT" name="verifyStatusCode" finished-at="2025-03-20T22:33:12 EDT" duration-ms="83" status="PASS">
          <reporter-output>
          </reporter-output>
        </test-method> <!-- verifyStatusCode -->
      </class> <!-- com.rest.test.MainTest -->
    </test> <!-- Surefire test -->
  </suite> <!-- Surefire suite -->
</testng-results>
